
ENODE_EASY
====== WebDriver manager ======
Driver [/Users/sunwookim/.wdm/drivers/chromedriver/mac_arm64/114.0.5735.90/chromedriver] found in cache
No Title
No Tags
====== WebDriver manager ======
Driver [/Users/sunwookim/.wdm/drivers/chromedriver/mac_arm64/114.0.5735.90/chromedriver] found in cache
====== WebDriver manager ======
Driver [/Users/sunwookim/.wdm/drivers/chromedriver/mac_arm64/114.0.5735.90/chromedriver] found in cache

ENODE_EASY
====== WebDriver manager ======
Driver [/Users/sunwookim/.wdm/drivers/chromedriver/mac_arm64/114.0.5735.90/chromedriver] found in cache
No Title
No Tags
====== WebDriver manager ======
Driver [/Users/sunwookim/.wdm/drivers/chromedriver/mac_arm64/114.0.5735.90/chromedriver] found in cache
====== WebDriver manager ======
Driver [/Users/sunwookim/.wdm/drivers/chromedriver/mac_arm64/114.0.5735.90/chromedriver] found in cache

ENODE_HARD
====== WebDriver manager ======
Driver [/Users/sunwookim/.wdm/drivers/chromedriver/mac_arm64/114.0.5735.90/chromedriver] found in cache
No Title
No Tags
====== WebDriver manager ======
Driver [/Users/sunwookim/.wdm/drivers/chromedriver/mac_arm64/114.0.5735.90/chromedriver] found in cache
====== WebDriver manager ======
Driver [/Users/sunwookim/.wdm/drivers/chromedriver/mac_arm64/114.0.5735.90/chromedriver] found in cache

ENODE_HARD
====== WebDriver manager ======
Driver [/Users/sunwookim/.wdm/drivers/chromedriver/mac_arm64/114.0.5735.90/chromedriver] found in cache
No Title
No Tags
====== WebDriver manager ======
Driver [/Users/sunwookim/.wdm/drivers/chromedriver/mac_arm64/114.0.5735.90/chromedriver] found in cache
====== WebDriver manager ======
Driver [/Users/sunwookim/.wdm/drivers/chromedriver/mac_arm64/114.0.5735.90/chromedriver] found in cache

PANSTACK
====== WebDriver manager ======
Driver [/Users/sunwookim/.wdm/drivers/chromedriver/mac_arm64/114.0.5735.90/chromedriver] found in cache
No Title
No Tags
====== WebDriver manager ======
Driver [/Users/sunwookim/.wdm/drivers/chromedriver/mac_arm64/114.0.5735.90/chromedriver] found in cache
====== WebDriver manager ======
Driver [/Users/sunwookim/.wdm/drivers/chromedriver/mac_arm64/114.0.5735.90/chromedriver] found in cache

PANSTACK
====== WebDriver manager ======
Driver [/Users/sunwookim/.wdm/drivers/chromedriver/mac_arm64/114.0.5735.90/chromedriver] found in cache
No Title
No Tags
====== WebDriver manager ======
Driver [/Users/sunwookim/.wdm/drivers/chromedriver/mac_arm64/114.0.5735.90/chromedriver] found in cache
====== WebDriver manager ======
Driver [/Users/sunwookim/.wdm/drivers/chromedriver/mac_arm64/114.0.5735.90/chromedriver] found in cache

XOREQUAL
====== WebDriver manager ======
Driver [/Users/sunwookim/.wdm/drivers/chromedriver/mac_arm64/114.0.5735.90/chromedriver] found in cache

ENODE_EASY
====== WebDriver manager ======
Driver [/Users/sunwookim/.wdm/drivers/chromedriver/mac_arm64/114.0.5735.90/chromedriver] found in cache
No Title
No Tags
====== WebDriver manager ======
Driver [/Users/sunwookim/.wdm/drivers/chromedriver/mac_arm64/114.0.5735.90/chromedriver] found in cache
====== WebDriver manager ======
Driver [/Users/sunwookim/.wdm/drivers/chromedriver/mac_arm64/114.0.5735.90/chromedriver] found in cache

ENODE_EASY
====== WebDriver manager ======
Driver [/Users/sunwookim/.wdm/drivers/chromedriver/mac_arm64/114.0.5735.90/chromedriver] found in cache
No Title
No Tags
====== WebDriver manager ======
Driver [/Users/sunwookim/.wdm/drivers/chromedriver/mac_arm64/114.0.5735.90/chromedriver] found in cache
====== WebDriver manager ======
Driver [/Users/sunwookim/.wdm/drivers/chromedriver/mac_arm64/114.0.5735.90/chromedriver] found in cache
Retrying (Retry(total=2, connect=None, read=None, redirect=None, status=None)) after connection broken by 'NewConnectionError('<urllib3.connection.HTTPConnection object at 0x104abc0a0>: Failed to establish a new connection: [Errno 61] Connection refused')': /session/c1276466255db30939dc5c715d740d09
Retrying (Retry(total=1, connect=None, read=None, redirect=None, status=None)) after connection broken by 'NewConnectionError('<urllib3.connection.HTTPConnection object at 0x104abca90>: Failed to establish a new connection: [Errno 61] Connection refused')': /session/c1276466255db30939dc5c715d740d09
Retrying (Retry(total=0, connect=None, read=None, redirect=None, status=None)) after connection broken by 'NewConnectionError('<urllib3.connection.HTTPConnection object at 0x104abc910>: Failed to establish a new connection: [Errno 61] Connection refused')': /session/c1276466255db30939dc5c715d740d09
Retrying (Retry(total=2, connect=None, read=None, redirect=None, status=None)) after connection broken by 'NewConnectionError('<urllib3.connection.HTTPConnection object at 0x1049ffe80>: Failed to establish a new connection: [Errno 61] Connection refused')': /session/4fa707236f70a237eb3f867b59326a7b/window
Retrying (Retry(total=1, connect=None, read=None, redirect=None, status=None)) after connection broken by 'NewConnectionError('<urllib3.connection.HTTPConnection object at 0x104c285b0>: Failed to establish a new connection: [Errno 61] Connection refused')': /session/4fa707236f70a237eb3f867b59326a7b/window
Retrying (Retry(total=0, connect=None, read=None, redirect=None, status=None)) after connection broken by 'NewConnectionError('<urllib3.connection.HTTPConnection object at 0x104c28760>: Failed to establish a new connection: [Errno 61] Connection refused')': /session/4fa707236f70a237eb3f867b59326a7b/window

ENODE_EASY
====== WebDriver manager ======
Driver [/Users/sunwookim/.wdm/drivers/chromedriver/mac_arm64/114.0.5735.90/chromedriver] found in cache
No Title
No Tags
====== WebDriver manager ======
Driver [/Users/sunwookim/.wdm/drivers/chromedriver/mac_arm64/114.0.5735.90/chromedriver] found in cache
====== WebDriver manager ======
Driver [/Users/sunwookim/.wdm/drivers/chromedriver/mac_arm64/114.0.5735.90/chromedriver] found in cache

ENODE_EASY
====== WebDriver manager ======
Driver [/Users/sunwookim/.wdm/drivers/chromedriver/mac_arm64/114.0.5735.90/chromedriver] found in cache
No Title
No Tags
====== WebDriver manager ======
Driver [/Users/sunwookim/.wdm/drivers/chromedriver/mac_arm64/114.0.5735.90/chromedriver] found in cache
====== WebDriver manager ======
Driver [/Users/sunwookim/.wdm/drivers/chromedriver/mac_arm64/114.0.5735.90/chromedriver] found in cache
Retrying (Retry(total=2, connect=None, read=None, redirect=None, status=None)) after connection broken by 'NewConnectionError('<urllib3.connection.HTTPConnection object at 0x1061a0280>: Failed to establish a new connection: [Errno 61] Connection refused')': /session/10ee029c9363ecdd6fc63d8c95de31e7
Retrying (Retry(total=1, connect=None, read=None, redirect=None, status=None)) after connection broken by 'NewConnectionError('<urllib3.connection.HTTPConnection object at 0x106219790>: Failed to establish a new connection: [Errno 61] Connection refused')': /session/10ee029c9363ecdd6fc63d8c95de31e7
Retrying (Retry(total=0, connect=None, read=None, redirect=None, status=None)) after connection broken by 'NewConnectionError('<urllib3.connection.HTTPConnection object at 0x1060fdd60>: Failed to establish a new connection: [Errno 61] Connection refused')': /session/10ee029c9363ecdd6fc63d8c95de31e7
Retrying (Retry(total=2, connect=None, read=None, redirect=None, status=None)) after connection broken by 'NewConnectionError('<urllib3.connection.HTTPConnection object at 0x1061a0df0>: Failed to establish a new connection: [Errno 61] Connection refused')': /session/fed5134728cd2d123d3dbc9b3c9afafc/window
Retrying (Retry(total=1, connect=None, read=None, redirect=None, status=None)) after connection broken by 'NewConnectionError('<urllib3.connection.HTTPConnection object at 0x1062bd2b0>: Failed to establish a new connection: [Errno 61] Connection refused')': /session/fed5134728cd2d123d3dbc9b3c9afafc/window
Retrying (Retry(total=0, connect=None, read=None, redirect=None, status=None)) after connection broken by 'NewConnectionError('<urllib3.connection.HTTPConnection object at 0x1062bd460>: Failed to establish a new connection: [Errno 61] Connection refused')': /session/fed5134728cd2d123d3dbc9b3c9afafc/window

ENODE_EASY
====== WebDriver manager ======
Driver [/Users/sunwookim/.wdm/drivers/chromedriver/mac_arm64/114.0.5735.90/chromedriver] found in cache
No Title
No Tags
====== WebDriver manager ======
Driver [/Users/sunwookim/.wdm/drivers/chromedriver/mac_arm64/114.0.5735.90/chromedriver] found in cache
====== WebDriver manager ======
Driver [/Users/sunwookim/.wdm/drivers/chromedriver/mac_arm64/114.0.5735.90/chromedriver] found in cache

ENODE_EASY
====== WebDriver manager ======
Driver [/Users/sunwookim/.wdm/drivers/chromedriver/mac_arm64/114.0.5735.90/chromedriver] found in cache
No Title
No Tags
====== WebDriver manager ======
Driver [/Users/sunwookim/.wdm/drivers/chromedriver/mac_arm64/114.0.5735.90/chromedriver] found in cache
====== WebDriver manager ======
Driver [/Users/sunwookim/.wdm/drivers/chromedriver/mac_arm64/114.0.5735.90/chromedriver] found in cache
Retrying (Retry(total=2, connect=None, read=None, redirect=None, status=None)) after connection broken by 'NewConnectionError('<urllib3.connection.HTTPConnection object at 0x10442c3a0>: Failed to establish a new connection: [Errno 61] Connection refused')': /session/85cdc881defeb07c925f08bab22469fe
Retrying (Retry(total=1, connect=None, read=None, redirect=None, status=None)) after connection broken by 'NewConnectionError('<urllib3.connection.HTTPConnection object at 0x10442c580>: Failed to establish a new connection: [Errno 61] Connection refused')': /session/85cdc881defeb07c925f08bab22469fe
Retrying (Retry(total=0, connect=None, read=None, redirect=None, status=None)) after connection broken by 'NewConnectionError('<urllib3.connection.HTTPConnection object at 0x10442c430>: Failed to establish a new connection: [Errno 61] Connection refused')': /session/85cdc881defeb07c925f08bab22469fe
Retrying (Retry(total=2, connect=None, read=None, redirect=None, status=None)) after connection broken by 'NewConnectionError('<urllib3.connection.HTTPConnection object at 0x1044e9130>: Failed to establish a new connection: [Errno 61] Connection refused')': /session/a143d3c668c2a14bb823d8f32efd6d60/window
Retrying (Retry(total=1, connect=None, read=None, redirect=None, status=None)) after connection broken by 'NewConnectionError('<urllib3.connection.HTTPConnection object at 0x1044fc550>: Failed to establish a new connection: [Errno 61] Connection refused')': /session/a143d3c668c2a14bb823d8f32efd6d60/window
Retrying (Retry(total=0, connect=None, read=None, redirect=None, status=None)) after connection broken by 'NewConnectionError('<urllib3.connection.HTTPConnection object at 0x1044fc040>: Failed to establish a new connection: [Errno 61] Connection refused')': /session/a143d3c668c2a14bb823d8f32efd6d60/window

ENODE_EASY
====== WebDriver manager ======
Driver [/Users/sunwookim/.wdm/drivers/chromedriver/mac_arm64/114.0.5735.90/chromedriver] found in cache
No Title
No Tags
====== WebDriver manager ======
Driver [/Users/sunwookim/.wdm/drivers/chromedriver/mac_arm64/114.0.5735.90/chromedriver] found in cache
====== WebDriver manager ======
Driver [/Users/sunwookim/.wdm/drivers/chromedriver/mac_arm64/114.0.5735.90/chromedriver] found in cache

ENODE_EASY
====== WebDriver manager ======
Driver [/Users/sunwookim/.wdm/drivers/chromedriver/mac_arm64/114.0.5735.90/chromedriver] found in cache
No Title
No Tags
====== WebDriver manager ======
Driver [/Users/sunwookim/.wdm/drivers/chromedriver/mac_arm64/114.0.5735.90/chromedriver] found in cache
====== WebDriver manager ======
Driver [/Users/sunwookim/.wdm/drivers/chromedriver/mac_arm64/114.0.5735.90/chromedriver] found in cache
Retrying (Retry(total=2, connect=None, read=None, redirect=None, status=None)) after connection broken by 'NewConnectionError('<urllib3.connection.HTTPConnection object at 0x10643fdc0>: Failed to establish a new connection: [Errno 61] Connection refused')': /session/0c65940c0dd2de378e80c225f2a0db54
Retrying (Retry(total=1, connect=None, read=None, redirect=None, status=None)) after connection broken by 'NewConnectionError('<urllib3.connection.HTTPConnection object at 0x10643f310>: Failed to establish a new connection: [Errno 61] Connection refused')': /session/0c65940c0dd2de378e80c225f2a0db54
Retrying (Retry(total=0, connect=None, read=None, redirect=None, status=None)) after connection broken by 'NewConnectionError('<urllib3.connection.HTTPConnection object at 0x10643fb80>: Failed to establish a new connection: [Errno 61] Connection refused')': /session/0c65940c0dd2de378e80c225f2a0db54
Retrying (Retry(total=2, connect=None, read=None, redirect=None, status=None)) after connection broken by 'NewConnectionError('<urllib3.connection.HTTPConnection object at 0x1064cd1c0>: Failed to establish a new connection: [Errno 61] Connection refused')': /session/40259c5b8bf11b85af8341916ae86d48/window
Retrying (Retry(total=1, connect=None, read=None, redirect=None, status=None)) after connection broken by 'NewConnectionError('<urllib3.connection.HTTPConnection object at 0x1065bb910>: Failed to establish a new connection: [Errno 61] Connection refused')': /session/40259c5b8bf11b85af8341916ae86d48/window
Retrying (Retry(total=0, connect=None, read=None, redirect=None, status=None)) after connection broken by 'NewConnectionError('<urllib3.connection.HTTPConnection object at 0x1065bbac0>: Failed to establish a new connection: [Errno 61] Connection refused')': /session/40259c5b8bf11b85af8341916ae86d48/window

ENODE_EASY
====== WebDriver manager ======
Driver [/Users/sunwookim/.wdm/drivers/chromedriver/mac_arm64/114.0.5735.90/chromedriver] found in cache
No Title
No Tags
====== WebDriver manager ======
Driver [/Users/sunwookim/.wdm/drivers/chromedriver/mac_arm64/114.0.5735.90/chromedriver] found in cache
====== WebDriver manager ======
Driver [/Users/sunwookim/.wdm/drivers/chromedriver/mac_arm64/114.0.5735.90/chromedriver] found in cache

ENODE_EASY
====== WebDriver manager ======
Driver [/Users/sunwookim/.wdm/drivers/chromedriver/mac_arm64/114.0.5735.90/chromedriver] found in cache
No Title
No Tags
====== WebDriver manager ======
Driver [/Users/sunwookim/.wdm/drivers/chromedriver/mac_arm64/114.0.5735.90/chromedriver] found in cache
====== WebDriver manager ======
Driver [/Users/sunwookim/.wdm/drivers/chromedriver/mac_arm64/114.0.5735.90/chromedriver] found in cache
Retrying (Retry(total=2, connect=None, read=None, redirect=None, status=None)) after connection broken by 'NewConnectionError('<urllib3.connection.HTTPConnection object at 0x106940760>: Failed to establish a new connection: [Errno 61] Connection refused')': /session/73a5a89597f2950d802e02c082cf9f5a
Retrying (Retry(total=1, connect=None, read=None, redirect=None, status=None)) after connection broken by 'NewConnectionError('<urllib3.connection.HTTPConnection object at 0x106940610>: Failed to establish a new connection: [Errno 61] Connection refused')': /session/73a5a89597f2950d802e02c082cf9f5a
Retrying (Retry(total=0, connect=None, read=None, redirect=None, status=None)) after connection broken by 'NewConnectionError('<urllib3.connection.HTTPConnection object at 0x1069409d0>: Failed to establish a new connection: [Errno 61] Connection refused')': /session/73a5a89597f2950d802e02c082cf9f5a
Retrying (Retry(total=2, connect=None, read=None, redirect=None, status=None)) after connection broken by 'NewConnectionError('<urllib3.connection.HTTPConnection object at 0x1068289a0>: Failed to establish a new connection: [Errno 61] Connection refused')': /session/aacde477f3125974fd5782dfedcfdce7/window
Retrying (Retry(total=1, connect=None, read=None, redirect=None, status=None)) after connection broken by 'NewConnectionError('<urllib3.connection.HTTPConnection object at 0x1069a13d0>: Failed to establish a new connection: [Errno 61] Connection refused')': /session/aacde477f3125974fd5782dfedcfdce7/window
Retrying (Retry(total=0, connect=None, read=None, redirect=None, status=None)) after connection broken by 'NewConnectionError('<urllib3.connection.HTTPConnection object at 0x1069a1580>: Failed to establish a new connection: [Errno 61] Connection refused')': /session/aacde477f3125974fd5782dfedcfdce7/window

ENODE_EASY
====== WebDriver manager ======
Driver [/Users/sunwookim/.wdm/drivers/chromedriver/mac_arm64/114.0.5735.90/chromedriver] found in cache

ENODE_EASY
====== WebDriver manager ======
Driver [/Users/sunwookim/.wdm/drivers/chromedriver/mac_arm64/114.0.5735.90/chromedriver] found in cache
Retrying (Retry(total=2, connect=None, read=None, redirect=None, status=None)) after connection broken by 'NewConnectionError('<urllib3.connection.HTTPConnection object at 0x108367070>: Failed to establish a new connection: [Errno 61] Connection refused')': /session/ad562d9ee8728ba24e40e566e3dd3160/element
Retrying (Retry(total=1, connect=None, read=None, redirect=None, status=None)) after connection broken by 'NewConnectionError('<urllib3.connection.HTTPConnection object at 0x108367220>: Failed to establish a new connection: [Errno 61] Connection refused')': /session/ad562d9ee8728ba24e40e566e3dd3160/element
Retrying (Retry(total=0, connect=None, read=None, redirect=None, status=None)) after connection broken by 'NewConnectionError('<urllib3.connection.HTTPConnection object at 0x108367430>: Failed to establish a new connection: [Errno 61] Connection refused')': /session/ad562d9ee8728ba24e40e566e3dd3160/element
Retrying (Retry(total=2, connect=None, read=None, redirect=None, status=None)) after connection broken by 'NewConnectionError('<urllib3.connection.HTTPConnection object at 0x1083679d0>: Failed to establish a new connection: [Errno 61] Connection refused')': /session/ad562d9ee8728ba24e40e566e3dd3160/element
Retrying (Retry(total=1, connect=None, read=None, redirect=None, status=None)) after connection broken by 'NewConnectionError('<urllib3.connection.HTTPConnection object at 0x108367bb0>: Failed to establish a new connection: [Errno 61] Connection refused')': /session/ad562d9ee8728ba24e40e566e3dd3160/element
Retrying (Retry(total=0, connect=None, read=None, redirect=None, status=None)) after connection broken by 'NewConnectionError('<urllib3.connection.HTTPConnection object at 0x108334e80>: Failed to establish a new connection: [Errno 61] Connection refused')': /session/ad562d9ee8728ba24e40e566e3dd3160/element
Retrying (Retry(total=2, connect=None, read=None, redirect=None, status=None)) after connection broken by 'NewConnectionError('<urllib3.connection.HTTPConnection object at 0x1083674f0>: Failed to establish a new connection: [Errno 61] Connection refused')': /session/ad562d9ee8728ba24e40e566e3dd3160/element
Retrying (Retry(total=1, connect=None, read=None, redirect=None, status=None)) after connection broken by 'NewConnectionError('<urllib3.connection.HTTPConnection object at 0x1083670d0>: Failed to establish a new connection: [Errno 61] Connection refused')': /session/ad562d9ee8728ba24e40e566e3dd3160/element
Retrying (Retry(total=0, connect=None, read=None, redirect=None, status=None)) after connection broken by 'NewConnectionError('<urllib3.connection.HTTPConnection object at 0x108367dc0>: Failed to establish a new connection: [Errno 61] Connection refused')': /session/ad562d9ee8728ba24e40e566e3dd3160/element
Retrying (Retry(total=2, connect=None, read=None, redirect=None, status=None)) after connection broken by 'NewConnectionError('<urllib3.connection.HTTPConnection object at 0x1083743a0>: Failed to establish a new connection: [Errno 61] Connection refused')': /session/ad562d9ee8728ba24e40e566e3dd3160/element
Retrying (Retry(total=1, connect=None, read=None, redirect=None, status=None)) after connection broken by 'NewConnectionError('<urllib3.connection.HTTPConnection object at 0x108374580>: Failed to establish a new connection: [Errno 61] Connection refused')': /session/ad562d9ee8728ba24e40e566e3dd3160/element
Retrying (Retry(total=0, connect=None, read=None, redirect=None, status=None)) after connection broken by 'NewConnectionError('<urllib3.connection.HTTPConnection object at 0x108374790>: Failed to establish a new connection: [Errno 61] Connection refused')': /session/ad562d9ee8728ba24e40e566e3dd3160/element
No Title
No Tags
No Testcase
Retrying (Retry(total=2, connect=None, read=None, redirect=None, status=None)) after connection broken by 'NewConnectionError('<urllib3.connection.HTTPConnection object at 0x108374b50>: Failed to establish a new connection: [Errno 61] Connection refused')': /session/ad562d9ee8728ba24e40e566e3dd3160
Retrying (Retry(total=1, connect=None, read=None, redirect=None, status=None)) after connection broken by 'NewConnectionError('<urllib3.connection.HTTPConnection object at 0x108374ca0>: Failed to establish a new connection: [Errno 61] Connection refused')': /session/ad562d9ee8728ba24e40e566e3dd3160
Retrying (Retry(total=0, connect=None, read=None, redirect=None, status=None)) after connection broken by 'NewConnectionError('<urllib3.connection.HTTPConnection object at 0x108374e20>: Failed to establish a new connection: [Errno 61] Connection refused')': /session/ad562d9ee8728ba24e40e566e3dd3160
====== WebDriver manager ======
Driver [/Users/sunwookim/.wdm/drivers/chromedriver/mac_arm64/114.0.5735.90/chromedriver] found in cache
====== WebDriver manager ======
Driver [/Users/sunwookim/.wdm/drivers/chromedriver/mac_arm64/114.0.5735.90/chromedriver] found in cache

ENODE_EASY
====== WebDriver manager ======
Driver [/Users/sunwookim/.wdm/drivers/chromedriver/mac_arm64/114.0.5735.90/chromedriver] found in cache
No Title
No Tags
====== WebDriver manager ======
Driver [/Users/sunwookim/.wdm/drivers/chromedriver/mac_arm64/114.0.5735.90/chromedriver] found in cache
====== WebDriver manager ======
Driver [/Users/sunwookim/.wdm/drivers/chromedriver/mac_arm64/114.0.5735.90/chromedriver] found in cache

ENODE_HARD
====== WebDriver manager ======
Driver [/Users/sunwookim/.wdm/drivers/chromedriver/mac_arm64/114.0.5735.90/chromedriver] found in cache
No Title
No Tags
====== WebDriver manager ======
Driver [/Users/sunwookim/.wdm/drivers/chromedriver/mac_arm64/114.0.5735.90/chromedriver] found in cache
====== WebDriver manager ======
Driver [/Users/sunwookim/.wdm/drivers/chromedriver/mac_arm64/114.0.5735.90/chromedriver] found in cache
Retrying (Retry(total=2, connect=None, read=None, redirect=None, status=None)) after connection broken by 'NewConnectionError('<urllib3.connection.HTTPConnection object at 0x1083743d0>: Failed to establish a new connection: [Errno 61] Connection refused')': /session/cf881933578ebf77c910156ba8a9dbee
Retrying (Retry(total=1, connect=None, read=None, redirect=None, status=None)) after connection broken by 'NewConnectionError('<urllib3.connection.HTTPConnection object at 0x10a9562b0>: Failed to establish a new connection: [Errno 61] Connection refused')': /session/cf881933578ebf77c910156ba8a9dbee
Retrying (Retry(total=0, connect=None, read=None, redirect=None, status=None)) after connection broken by 'NewConnectionError('<urllib3.connection.HTTPConnection object at 0x10a9564f0>: Failed to establish a new connection: [Errno 61] Connection refused')': /session/cf881933578ebf77c910156ba8a9dbee
Retrying (Retry(total=2, connect=None, read=None, redirect=None, status=None)) after connection broken by 'NewConnectionError('<urllib3.connection.HTTPConnection object at 0x1083745e0>: Failed to establish a new connection: [Errno 61] Connection refused')': /session/3b028d45beb34b788606a2353dad3ab4/window
Retrying (Retry(total=1, connect=None, read=None, redirect=None, status=None)) after connection broken by 'NewConnectionError('<urllib3.connection.HTTPConnection object at 0x10a99e790>: Failed to establish a new connection: [Errno 61] Connection refused')': /session/3b028d45beb34b788606a2353dad3ab4/window
Retrying (Retry(total=0, connect=None, read=None, redirect=None, status=None)) after connection broken by 'NewConnectionError('<urllib3.connection.HTTPConnection object at 0x10a99e940>: Failed to establish a new connection: [Errno 61] Connection refused')': /session/3b028d45beb34b788606a2353dad3ab4/window

ENODE_EASY
====== WebDriver manager ======
Driver [/Users/sunwookim/.wdm/drivers/chromedriver/mac_arm64/114.0.5735.90/chromedriver] found in cache
No Title
No Tags
====== WebDriver manager ======
Driver [/Users/sunwookim/.wdm/drivers/chromedriver/mac_arm64/114.0.5735.90/chromedriver] found in cache
====== WebDriver manager ======
Driver [/Users/sunwookim/.wdm/drivers/chromedriver/mac_arm64/114.0.5735.90/chromedriver] found in cache
Retrying (Retry(total=2, connect=None, read=None, redirect=None, status=None)) after connection broken by 'NewConnectionError('<urllib3.connection.HTTPConnection object at 0x10673bf70>: Failed to establish a new connection: [Errno 61] Connection refused')': /session/cfd5b3bd3536beeb3a2712bf618a9c0b
Retrying (Retry(total=1, connect=None, read=None, redirect=None, status=None)) after connection broken by 'NewConnectionError('<urllib3.connection.HTTPConnection object at 0x10673bc40>: Failed to establish a new connection: [Errno 61] Connection refused')': /session/cfd5b3bd3536beeb3a2712bf618a9c0b
Retrying (Retry(total=0, connect=None, read=None, redirect=None, status=None)) after connection broken by 'NewConnectionError('<urllib3.connection.HTTPConnection object at 0x10673bfd0>: Failed to establish a new connection: [Errno 61] Connection refused')': /session/cfd5b3bd3536beeb3a2712bf618a9c0b
Retrying (Retry(total=2, connect=None, read=None, redirect=None, status=None)) after connection broken by 'NewConnectionError('<urllib3.connection.HTTPConnection object at 0x106646160>: Failed to establish a new connection: [Errno 61] Connection refused')': /session/1d72815cb2f29d90c8335ab4a9d3bda5/window
Retrying (Retry(total=1, connect=None, read=None, redirect=None, status=None)) after connection broken by 'NewConnectionError('<urllib3.connection.HTTPConnection object at 0x106767be0>: Failed to establish a new connection: [Errno 61] Connection refused')': /session/1d72815cb2f29d90c8335ab4a9d3bda5/window
Retrying (Retry(total=0, connect=None, read=None, redirect=None, status=None)) after connection broken by 'NewConnectionError('<urllib3.connection.HTTPConnection object at 0x106767d90>: Failed to establish a new connection: [Errno 61] Connection refused')': /session/1d72815cb2f29d90c8335ab4a9d3bda5/window

ENODE_EASY
====== WebDriver manager ======
Driver [/Users/sunwookim/.wdm/drivers/chromedriver/mac_arm64/114.0.5735.90/chromedriver] found in cache
No Title
No Tags
====== WebDriver manager ======
Driver [/Users/sunwookim/.wdm/drivers/chromedriver/mac_arm64/114.0.5735.90/chromedriver] found in cache
====== WebDriver manager ======
Driver [/Users/sunwookim/.wdm/drivers/chromedriver/mac_arm64/114.0.5735.90/chromedriver] found in cache
Retrying (Retry(total=2, connect=None, read=None, redirect=None, status=None)) after connection broken by 'NewConnectionError('<urllib3.connection.HTTPConnection object at 0x104f688b0>: Failed to establish a new connection: [Errno 61] Connection refused')': /session/0b2e168c5c5751f29cc560ca08ab5c16
Retrying (Retry(total=1, connect=None, read=None, redirect=None, status=None)) after connection broken by 'NewConnectionError('<urllib3.connection.HTTPConnection object at 0x10656f430>: Failed to establish a new connection: [Errno 61] Connection refused')': /session/0b2e168c5c5751f29cc560ca08ab5c16
Retrying (Retry(total=0, connect=None, read=None, redirect=None, status=None)) after connection broken by 'NewConnectionError('<urllib3.connection.HTTPConnection object at 0x10655efa0>: Failed to establish a new connection: [Errno 61] Connection refused')': /session/0b2e168c5c5751f29cc560ca08ab5c16
Retrying (Retry(total=2, connect=None, read=None, redirect=None, status=None)) after connection broken by 'NewConnectionError('<urllib3.connection.HTTPConnection object at 0x104f68310>: Failed to establish a new connection: [Errno 61] Connection refused')': /session/fa28b9bf9a8d4ad6b966dfbb720996ca/window
Retrying (Retry(total=1, connect=None, read=None, redirect=None, status=None)) after connection broken by 'NewConnectionError('<urllib3.connection.HTTPConnection object at 0x106581fa0>: Failed to establish a new connection: [Errno 61] Connection refused')': /session/fa28b9bf9a8d4ad6b966dfbb720996ca/window
Retrying (Retry(total=0, connect=None, read=None, redirect=None, status=None)) after connection broken by 'NewConnectionError('<urllib3.connection.HTTPConnection object at 0x1065af070>: Failed to establish a new connection: [Errno 61] Connection refused')': /session/fa28b9bf9a8d4ad6b966dfbb720996ca/window

ENODE_EASY
====== WebDriver manager ======
Driver [/Users/sunwookim/.wdm/drivers/chromedriver/mac_arm64/114.0.5735.90/chromedriver] found in cache
No Title
No Tags
====== WebDriver manager ======
Driver [/Users/sunwookim/.wdm/drivers/chromedriver/mac_arm64/114.0.5735.90/chromedriver] found in cache
====== WebDriver manager ======
Driver [/Users/sunwookim/.wdm/drivers/chromedriver/mac_arm64/114.0.5735.90/chromedriver] found in cache
Retrying (Retry(total=2, connect=None, read=None, redirect=None, status=None)) after connection broken by 'NewConnectionError('<urllib3.connection.HTTPConnection object at 0x1042d06d0>: Failed to establish a new connection: [Errno 61] Connection refused')': /session/d9e9344fcb28398fb79192f0fdb14ba1
Retrying (Retry(total=1, connect=None, read=None, redirect=None, status=None)) after connection broken by 'NewConnectionError('<urllib3.connection.HTTPConnection object at 0x1043c0bb0>: Failed to establish a new connection: [Errno 61] Connection refused')': /session/d9e9344fcb28398fb79192f0fdb14ba1
Retrying (Retry(total=0, connect=None, read=None, redirect=None, status=None)) after connection broken by 'NewConnectionError('<urllib3.connection.HTTPConnection object at 0x1043c0df0>: Failed to establish a new connection: [Errno 61] Connection refused')': /session/d9e9344fcb28398fb79192f0fdb14ba1
Retrying (Retry(total=2, connect=None, read=None, redirect=None, status=None)) after connection broken by 'NewConnectionError('<urllib3.connection.HTTPConnection object at 0x1042d0130>: Failed to establish a new connection: [Errno 61] Connection refused')': /session/b557b63bbf62748ec777c18517b920b6/window
Retrying (Retry(total=1, connect=None, read=None, redirect=None, status=None)) after connection broken by 'NewConnectionError('<urllib3.connection.HTTPConnection object at 0x1043e9bb0>: Failed to establish a new connection: [Errno 61] Connection refused')': /session/b557b63bbf62748ec777c18517b920b6/window
Retrying (Retry(total=0, connect=None, read=None, redirect=None, status=None)) after connection broken by 'NewConnectionError('<urllib3.connection.HTTPConnection object at 0x1043e9d60>: Failed to establish a new connection: [Errno 61] Connection refused')': /session/b557b63bbf62748ec777c18517b920b6/window

ENODE_EASY
====== WebDriver manager ======
Driver [/Users/sunwookim/.wdm/drivers/chromedriver/mac_arm64/114.0.5735.90/chromedriver] found in cache
No Title
No Tags
====== WebDriver manager ======
Driver [/Users/sunwookim/.wdm/drivers/chromedriver/mac_arm64/114.0.5735.90/chromedriver] found in cache
====== WebDriver manager ======
Driver [/Users/sunwookim/.wdm/drivers/chromedriver/mac_arm64/114.0.5735.90/chromedriver] found in cache
Retrying (Retry(total=2, connect=None, read=None, redirect=None, status=None)) after connection broken by 'NewConnectionError('<urllib3.connection.HTTPConnection object at 0x1064647c0>: Failed to establish a new connection: [Errno 61] Connection refused')': /session/5d4d1d5beb0267bb61696e7758496fdc
Retrying (Retry(total=1, connect=None, read=None, redirect=None, status=None)) after connection broken by 'NewConnectionError('<urllib3.connection.HTTPConnection object at 0x106464670>: Failed to establish a new connection: [Errno 61] Connection refused')': /session/5d4d1d5beb0267bb61696e7758496fdc
Retrying (Retry(total=0, connect=None, read=None, redirect=None, status=None)) after connection broken by 'NewConnectionError('<urllib3.connection.HTTPConnection object at 0x106464a30>: Failed to establish a new connection: [Errno 61] Connection refused')': /session/5d4d1d5beb0267bb61696e7758496fdc
Retrying (Retry(total=2, connect=None, read=None, redirect=None, status=None)) after connection broken by 'NewConnectionError('<urllib3.connection.HTTPConnection object at 0x10563ea00>: Failed to establish a new connection: [Errno 61] Connection refused')': /session/7c548a3d4a3ab2e973883a4f761e9725/window
Retrying (Retry(total=1, connect=None, read=None, redirect=None, status=None)) after connection broken by 'NewConnectionError('<urllib3.connection.HTTPConnection object at 0x1064b4430>: Failed to establish a new connection: [Errno 61] Connection refused')': /session/7c548a3d4a3ab2e973883a4f761e9725/window
Retrying (Retry(total=0, connect=None, read=None, redirect=None, status=None)) after connection broken by 'NewConnectionError('<urllib3.connection.HTTPConnection object at 0x1064b45e0>: Failed to establish a new connection: [Errno 61] Connection refused')': /session/7c548a3d4a3ab2e973883a4f761e9725/window

ENODE_EASY
====== WebDriver manager ======
Driver [/Users/sunwookim/.wdm/drivers/chromedriver/mac_arm64/114.0.5735.90/chromedriver] found in cache
No Title
No Tags
====== WebDriver manager ======
Driver [/Users/sunwookim/.wdm/drivers/chromedriver/mac_arm64/114.0.5735.90/chromedriver] found in cache
====== WebDriver manager ======
Driver [/Users/sunwookim/.wdm/drivers/chromedriver/mac_arm64/114.0.5735.90/chromedriver] found in cache

ENODE_EASY
====== WebDriver manager ======
Driver [/Users/sunwookim/.wdm/drivers/chromedriver/mac_arm64/114.0.5735.90/chromedriver] found in cache

ENODE_EASY
====== WebDriver manager ======
Driver [/Users/sunwookim/.wdm/drivers/chromedriver/mac_arm64/114.0.5735.90/chromedriver] found in cache
No Title
No Tags
====== WebDriver manager ======
Driver [/Users/sunwookim/.wdm/drivers/chromedriver/mac_arm64/114.0.5735.90/chromedriver] found in cache
====== WebDriver manager ======
Driver [/Users/sunwookim/.wdm/drivers/chromedriver/mac_arm64/114.0.5735.90/chromedriver] found in cache
Retrying (Retry(total=2, connect=None, read=None, redirect=None, status=None)) after connection broken by 'NewConnectionError('<urllib3.connection.HTTPConnection object at 0x1065345e0>: Failed to establish a new connection: [Errno 61] Connection refused')': /session/41a2ae393796e0ba43f944deb5ba4f04
Retrying (Retry(total=1, connect=None, read=None, redirect=None, status=None)) after connection broken by 'NewConnectionError('<urllib3.connection.HTTPConnection object at 0x110338c10>: Failed to establish a new connection: [Errno 61] Connection refused')': /session/41a2ae393796e0ba43f944deb5ba4f04
Retrying (Retry(total=0, connect=None, read=None, redirect=None, status=None)) after connection broken by 'NewConnectionError('<urllib3.connection.HTTPConnection object at 0x110338c40>: Failed to establish a new connection: [Errno 61] Connection refused')': /session/41a2ae393796e0ba43f944deb5ba4f04
Retrying (Retry(total=2, connect=None, read=None, redirect=None, status=None)) after connection broken by 'NewConnectionError('<urllib3.connection.HTTPConnection object at 0x106534040>: Failed to establish a new connection: [Errno 61] Connection refused')': /session/82f9beef0b2f7366ca25b796302fb108/window
Retrying (Retry(total=1, connect=None, read=None, redirect=None, status=None)) after connection broken by 'NewConnectionError('<urllib3.connection.HTTPConnection object at 0x110363ac0>: Failed to establish a new connection: [Errno 61] Connection refused')': /session/82f9beef0b2f7366ca25b796302fb108/window
Retrying (Retry(total=0, connect=None, read=None, redirect=None, status=None)) after connection broken by 'NewConnectionError('<urllib3.connection.HTTPConnection object at 0x110363c70>: Failed to establish a new connection: [Errno 61] Connection refused')': /session/82f9beef0b2f7366ca25b796302fb108/window

ENODE_EASY
====== WebDriver manager ======
Driver [/Users/sunwookim/.wdm/drivers/chromedriver/mac_arm64/114.0.5735.90/chromedriver] found in cache
No Title
No Tags
====== WebDriver manager ======
Driver [/Users/sunwookim/.wdm/drivers/chromedriver/mac_arm64/114.0.5735.90/chromedriver] found in cache

ENODE_EASY
====== WebDriver manager ======
Driver [/Users/sunwookim/.wdm/drivers/chromedriver/mac_arm64/114.0.5735.90/chromedriver] found in cache
No Title
No Tags
====== WebDriver manager ======
Driver [/Users/sunwookim/.wdm/drivers/chromedriver/mac_arm64/114.0.5735.90/chromedriver] found in cache
====== WebDriver manager ======
Driver [/Users/sunwookim/.wdm/drivers/chromedriver/mac_arm64/114.0.5735.90/chromedriver] found in cache
Retrying (Retry(total=2, connect=None, read=None, redirect=None, status=None)) after connection broken by 'NewConnectionError('<urllib3.connection.HTTPConnection object at 0x1086c7820>: Failed to establish a new connection: [Errno 61] Connection refused')': /session/e5f8a8ba452e6a9d2bea01fe2f56a34c
Retrying (Retry(total=1, connect=None, read=None, redirect=None, status=None)) after connection broken by 'NewConnectionError('<urllib3.connection.HTTPConnection object at 0x1087bbd00>: Failed to establish a new connection: [Errno 61] Connection refused')': /session/e5f8a8ba452e6a9d2bea01fe2f56a34c
Retrying (Retry(total=0, connect=None, read=None, redirect=None, status=None)) after connection broken by 'NewConnectionError('<urllib3.connection.HTTPConnection object at 0x1087bbf40>: Failed to establish a new connection: [Errno 61] Connection refused')': /session/e5f8a8ba452e6a9d2bea01fe2f56a34c
Retrying (Retry(total=2, connect=None, read=None, redirect=None, status=None)) after connection broken by 'NewConnectionError('<urllib3.connection.HTTPConnection object at 0x1086c7280>: Failed to establish a new connection: [Errno 61] Connection refused')': /session/b372bf79a018f2725c30597597137aba/window
Retrying (Retry(total=1, connect=None, read=None, redirect=None, status=None)) after connection broken by 'NewConnectionError('<urllib3.connection.HTTPConnection object at 0x1087dedc0>: Failed to establish a new connection: [Errno 61] Connection refused')': /session/b372bf79a018f2725c30597597137aba/window
Retrying (Retry(total=0, connect=None, read=None, redirect=None, status=None)) after connection broken by 'NewConnectionError('<urllib3.connection.HTTPConnection object at 0x1087def10>: Failed to establish a new connection: [Errno 61] Connection refused')': /session/b372bf79a018f2725c30597597137aba/window

ENODE_EASY
====== WebDriver manager ======
Driver [/Users/sunwookim/.wdm/drivers/chromedriver/mac_arm64/114.0.5735.90/chromedriver] found in cache

ENODE_EASY
====== WebDriver manager ======
Driver [/Users/sunwookim/.wdm/drivers/chromedriver/mac_arm64/114.0.5735.90/chromedriver] found in cache
Retrying (Retry(total=2, connect=None, read=None, redirect=None, status=None)) after connection broken by 'NewConnectionError('<urllib3.connection.HTTPConnection object at 0x104820220>: Failed to establish a new connection: [Errno 61] Connection refused')': /session/8e4e54bd107bcfa25a318ed9c0b10a70/url
Retrying (Retry(total=1, connect=None, read=None, redirect=None, status=None)) after connection broken by 'NewConnectionError('<urllib3.connection.HTTPConnection object at 0x1048203d0>: Failed to establish a new connection: [Errno 61] Connection refused')': /session/8e4e54bd107bcfa25a318ed9c0b10a70/url
Retrying (Retry(total=0, connect=None, read=None, redirect=None, status=None)) after connection broken by 'NewConnectionError('<urllib3.connection.HTTPConnection object at 0x1048205e0>: Failed to establish a new connection: [Errno 61] Connection refused')': /session/8e4e54bd107bcfa25a318ed9c0b10a70/url

ENODE_EASY
====== WebDriver manager ======
Driver [/Users/sunwookim/.wdm/drivers/chromedriver/mac_arm64/114.0.5735.90/chromedriver] found in cache

ENODE_EASY
====== WebDriver manager ======
Driver [/Users/sunwookim/.wdm/drivers/chromedriver/mac_arm64/114.0.5735.90/chromedriver] found in cache
No Title
No Tags
====== WebDriver manager ======
Driver [/Users/sunwookim/.wdm/drivers/chromedriver/mac_arm64/114.0.5735.90/chromedriver] found in cache
====== WebDriver manager ======
Driver [/Users/sunwookim/.wdm/drivers/chromedriver/mac_arm64/114.0.5735.90/chromedriver] found in cache
Retrying (Retry(total=2, connect=None, read=None, redirect=None, status=None)) after connection broken by 'NewConnectionError('<urllib3.connection.HTTPConnection object at 0x1064ebe80>: Failed to establish a new connection: [Errno 61] Connection refused')': /session/5b2055744919901b8825a21f12d0e258
Retrying (Retry(total=1, connect=None, read=None, redirect=None, status=None)) after connection broken by 'NewConnectionError('<urllib3.connection.HTTPConnection object at 0x1064ebd30>: Failed to establish a new connection: [Errno 61] Connection refused')': /session/5b2055744919901b8825a21f12d0e258
Retrying (Retry(total=0, connect=None, read=None, redirect=None, status=None)) after connection broken by 'NewConnectionError('<urllib3.connection.HTTPConnection object at 0x1064ebf40>: Failed to establish a new connection: [Errno 61] Connection refused')': /session/5b2055744919901b8825a21f12d0e258
Retrying (Retry(total=2, connect=None, read=None, redirect=None, status=None)) after connection broken by 'NewConnectionError('<urllib3.connection.HTTPConnection object at 0x1063fb0a0>: Failed to establish a new connection: [Errno 61] Connection refused')': /session/b445c4b64a1f46eb7444c27e82f8523a/window
Retrying (Retry(total=1, connect=None, read=None, redirect=None, status=None)) after connection broken by 'NewConnectionError('<urllib3.connection.HTTPConnection object at 0x106517af0>: Failed to establish a new connection: [Errno 61] Connection refused')': /session/b445c4b64a1f46eb7444c27e82f8523a/window
Retrying (Retry(total=0, connect=None, read=None, redirect=None, status=None)) after connection broken by 'NewConnectionError('<urllib3.connection.HTTPConnection object at 0x106517ca0>: Failed to establish a new connection: [Errno 61] Connection refused')': /session/b445c4b64a1f46eb7444c27e82f8523a/window

ENODE_EASY
====== WebDriver manager ======
Driver [/Users/sunwookim/.wdm/drivers/chromedriver/mac_arm64/114.0.5735.90/chromedriver] found in cache
No Title
No Tags
====== WebDriver manager ======
Driver [/Users/sunwookim/.wdm/drivers/chromedriver/mac_arm64/114.0.5735.90/chromedriver] found in cache
====== WebDriver manager ======

ENODE_EASY
====== WebDriver manager ======
Driver [/Users/sunwookim/.wdm/drivers/chromedriver/mac_arm64/114.0.5735.90/chromedriver] found in cache

ENODE_EASY
====== WebDriver manager ======
Driver [/Users/sunwookim/.wdm/drivers/chromedriver/mac_arm64/114.0.5735.90/chromedriver] found in cache
No Title
No Tags
====== WebDriver manager ======
Driver [/Users/sunwookim/.wdm/drivers/chromedriver/mac_arm64/114.0.5735.90/chromedriver] found in cache
====== WebDriver manager ======
Driver [/Users/sunwookim/.wdm/drivers/chromedriver/mac_arm64/114.0.5735.90/chromedriver] found in cache

ENODE_EASY
====== WebDriver manager ======
Driver [/Users/sunwookim/.wdm/drivers/chromedriver/mac_arm64/114.0.5735.90/chromedriver] found in cache
No Title
No Tags
====== WebDriver manager ======
Driver [/Users/sunwookim/.wdm/drivers/chromedriver/mac_arm64/114.0.5735.90/chromedriver] found in cache
====== WebDriver manager ======
Driver [/Users/sunwookim/.wdm/drivers/chromedriver/mac_arm64/114.0.5735.90/chromedriver] found in cache

ENODE_HARD
====== WebDriver manager ======
Driver [/Users/sunwookim/.wdm/drivers/chromedriver/mac_arm64/114.0.5735.90/chromedriver] found in cache
No Title
No Tags
====== WebDriver manager ======
Driver [/Users/sunwookim/.wdm/drivers/chromedriver/mac_arm64/114.0.5735.90/chromedriver] found in cache
====== WebDriver manager ======
Driver [/Users/sunwookim/.wdm/drivers/chromedriver/mac_arm64/114.0.5735.90/chromedriver] found in cache

ENODE_HARD
====== WebDriver manager ======
Driver [/Users/sunwookim/.wdm/drivers/chromedriver/mac_arm64/114.0.5735.90/chromedriver] found in cache

ENODE_EASY
====== WebDriver manager ======
Driver [/Users/sunwookim/.wdm/drivers/chromedriver/mac_arm64/114.0.5735.90/chromedriver] found in cache
No Title
No Tags
No Problem
No Testcase
====== WebDriver manager ======
Driver [/Users/sunwookim/.wdm/drivers/chromedriver/mac_arm64/114.0.5735.90/chromedriver] found in cache
====== WebDriver manager ======
Driver [/Users/sunwookim/.wdm/drivers/chromedriver/mac_arm64/114.0.5735.90/chromedriver] found in cache

ENODE_EASY
====== WebDriver manager ======
Driver [/Users/sunwookim/.wdm/drivers/chromedriver/mac_arm64/114.0.5735.90/chromedriver] found in cache
No Title
No Tags
No Problem
No Testcase
====== WebDriver manager ======
Driver [/Users/sunwookim/.wdm/drivers/chromedriver/mac_arm64/114.0.5735.90/chromedriver] found in cache
====== WebDriver manager ======
Driver [/Users/sunwookim/.wdm/drivers/chromedriver/mac_arm64/114.0.5735.90/chromedriver] found in cache
Retrying (Retry(total=2, connect=None, read=None, redirect=None, status=None)) after connection broken by 'NewConnectionError('<urllib3.connection.HTTPConnection object at 0x103a1da30>: Failed to establish a new connection: [Errno 61] Connection refused')': /session/1dfff3f22724c1b691577617f53378e6
Retrying (Retry(total=1, connect=None, read=None, redirect=None, status=None)) after connection broken by 'NewConnectionError('<urllib3.connection.HTTPConnection object at 0x103a1ddc0>: Failed to establish a new connection: [Errno 61] Connection refused')': /session/1dfff3f22724c1b691577617f53378e6
Retrying (Retry(total=0, connect=None, read=None, redirect=None, status=None)) after connection broken by 'NewConnectionError('<urllib3.connection.HTTPConnection object at 0x103a1de20>: Failed to establish a new connection: [Errno 61] Connection refused')': /session/1dfff3f22724c1b691577617f53378e6
Retrying (Retry(total=2, connect=None, read=None, redirect=None, status=None)) after connection broken by 'NewConnectionError('<urllib3.connection.HTTPConnection object at 0x103f77e50>: Failed to establish a new connection: [Errno 61] Connection refused')': /session/1a516413ea52b60981592135b125980d/window
Retrying (Retry(total=1, connect=None, read=None, redirect=None, status=None)) after connection broken by 'NewConnectionError('<urllib3.connection.HTTPConnection object at 0x103f8e460>: Failed to establish a new connection: [Errno 61] Connection refused')': /session/1a516413ea52b60981592135b125980d/window
Retrying (Retry(total=0, connect=None, read=None, redirect=None, status=None)) after connection broken by 'NewConnectionError('<urllib3.connection.HTTPConnection object at 0x103f8e190>: Failed to establish a new connection: [Errno 61] Connection refused')': /session/1a516413ea52b60981592135b125980d/window

ENODE_EASY
====== WebDriver manager ======
Driver [/Users/sunwookim/.wdm/drivers/chromedriver/mac_arm64/114.0.5735.90/chromedriver] found in cache
No Title
No Tags
No Problem
No Testcase

ENODE_EASY
====== WebDriver manager ======
Driver [/Users/sunwookim/.wdm/drivers/chromedriver/mac_arm64/114.0.5735.90/chromedriver] found in cache
No Title
No Tags
No Problem
No Testcase
====== WebDriver manager ======
Driver [/Users/sunwookim/.wdm/drivers/chromedriver/mac_arm64/114.0.5735.90/chromedriver] found in cache
====== WebDriver manager ======
Driver [/Users/sunwookim/.wdm/drivers/chromedriver/mac_arm64/114.0.5735.90/chromedriver] found in cache

ENODE_EASY
====== WebDriver manager ======
Driver [/Users/sunwookim/.wdm/drivers/chromedriver/mac_arm64/114.0.5735.90/chromedriver] found in cache
No Title
No Tags
No Problem
No Testcase
====== WebDriver manager ======
Driver [/Users/sunwookim/.wdm/drivers/chromedriver/mac_arm64/114.0.5735.90/chromedriver] found in cache
====== WebDriver manager ======
Driver [/Users/sunwookim/.wdm/drivers/chromedriver/mac_arm64/114.0.5735.90/chromedriver] found in cache

ENODE_HARD
====== WebDriver manager ======
Driver [/Users/sunwookim/.wdm/drivers/chromedriver/mac_arm64/114.0.5735.90/chromedriver] found in cache

ENODE_EASY
====== WebDriver manager ======
Driver [/Users/sunwookim/.wdm/drivers/chromedriver/mac_arm64/114.0.5735.90/chromedriver] found in cache
No Title
No Tags
No Problem
No Testcase
====== WebDriver manager ======
Driver [/Users/sunwookim/.wdm/drivers/chromedriver/mac_arm64/114.0.5735.90/chromedriver] found in cache
====== WebDriver manager ======
Driver [/Users/sunwookim/.wdm/drivers/chromedriver/mac_arm64/114.0.5735.90/chromedriver] found in cache

ENODE_EASY
====== WebDriver manager ======
Driver [/Users/sunwookim/.wdm/drivers/chromedriver/mac_arm64/114.0.5735.90/chromedriver] found in cache
No Title
No Tags
No Problem
No Testcase
====== WebDriver manager ======
Driver [/Users/sunwookim/.wdm/drivers/chromedriver/mac_arm64/114.0.5735.90/chromedriver] found in cache
====== WebDriver manager ======
Driver [/Users/sunwookim/.wdm/drivers/chromedriver/mac_arm64/114.0.5735.90/chromedriver] found in cache

ENODE_HARD
====== WebDriver manager ======
Driver [/Users/sunwookim/.wdm/drivers/chromedriver/mac_arm64/114.0.5735.90/chromedriver] found in cache
No Title
No Tags
No Problem
No Testcase
====== WebDriver manager ======
Driver [/Users/sunwookim/.wdm/drivers/chromedriver/mac_arm64/114.0.5735.90/chromedriver] found in cache
====== WebDriver manager ======
Driver [/Users/sunwookim/.wdm/drivers/chromedriver/mac_arm64/114.0.5735.90/chromedriver] found in cache

ENODE_EASY
====== WebDriver manager ======
Driver [/Users/sunwookim/.wdm/drivers/chromedriver/mac_arm64/114.0.5735.90/chromedriver] found in cache
No Tags
No Problem
No Testcase
====== WebDriver manager ======
Driver [/Users/sunwookim/.wdm/drivers/chromedriver/mac_arm64/114.0.5735.90/chromedriver] found in cache
====== WebDriver manager ======
Driver [/Users/sunwookim/.wdm/drivers/chromedriver/mac_arm64/114.0.5735.90/chromedriver] found in cache

ENODE_EASY
====== WebDriver manager ======
Driver [/Users/sunwookim/.wdm/drivers/chromedriver/mac_arm64/114.0.5735.90/chromedriver] found in cache
No Tags
No Problem
No Testcase
====== WebDriver manager ======
Driver [/Users/sunwookim/.wdm/drivers/chromedriver/mac_arm64/114.0.5735.90/chromedriver] found in cache
====== WebDriver manager ======
Driver [/Users/sunwookim/.wdm/drivers/chromedriver/mac_arm64/114.0.5735.90/chromedriver] found in cache

ENODE_EASY
====== WebDriver manager ======
Driver [/Users/sunwookim/.wdm/drivers/chromedriver/mac_arm64/114.0.5735.90/chromedriver] found in cache
No Tags
No Problem
No Testcase
====== WebDriver manager ======
Driver [/Users/sunwookim/.wdm/drivers/chromedriver/mac_arm64/114.0.5735.90/chromedriver] found in cache
====== WebDriver manager ======
Driver [/Users/sunwookim/.wdm/drivers/chromedriver/mac_arm64/114.0.5735.90/chromedriver] found in cache

ENODE_EASY
====== WebDriver manager ======
Driver [/Users/sunwookim/.wdm/drivers/chromedriver/mac_arm64/114.0.5735.90/chromedriver] found in cache
No Title
No Tags
No Problem
No Testcase
====== WebDriver manager ======
Driver [/Users/sunwookim/.wdm/drivers/chromedriver/mac_arm64/114.0.5735.90/chromedriver] found in cache
====== WebDriver manager ======
Driver [/Users/sunwookim/.wdm/drivers/chromedriver/mac_arm64/114.0.5735.90/chromedriver] found in cache

ENODE_EASY
====== WebDriver manager ======
Driver [/Users/sunwookim/.wdm/drivers/chromedriver/mac_arm64/114.0.5735.90/chromedriver] found in cache
No Title
No Tags
No Problem
No Testcase
====== WebDriver manager ======
Driver [/Users/sunwookim/.wdm/drivers/chromedriver/mac_arm64/114.0.5735.90/chromedriver] found in cache
====== WebDriver manager ======
Driver [/Users/sunwookim/.wdm/drivers/chromedriver/mac_arm64/114.0.5735.90/chromedriver] found in cache
Retrying (Retry(total=2, connect=None, read=None, redirect=None, status=None)) after connection broken by 'NewConnectionError('<urllib3.connection.HTTPConnection object at 0x1049672b0>: Failed to establish a new connection: [Errno 61] Connection refused')': /session/ff2851849507643b621e63ef6673437b
Retrying (Retry(total=1, connect=None, read=None, redirect=None, status=None)) after connection broken by 'NewConnectionError('<urllib3.connection.HTTPConnection object at 0x1049671c0>: Failed to establish a new connection: [Errno 61] Connection refused')': /session/ff2851849507643b621e63ef6673437b
Retrying (Retry(total=0, connect=None, read=None, redirect=None, status=None)) after connection broken by 'NewConnectionError('<urllib3.connection.HTTPConnection object at 0x104967520>: Failed to establish a new connection: [Errno 61] Connection refused')': /session/ff2851849507643b621e63ef6673437b
Retrying (Retry(total=2, connect=None, read=None, redirect=None, status=None)) after connection broken by 'NewConnectionError('<urllib3.connection.HTTPConnection object at 0x104a18040>: Failed to establish a new connection: [Errno 61] Connection refused')': /session/12137db6adc499d518f4a38fb9c83afa/window
Retrying (Retry(total=1, connect=None, read=None, redirect=None, status=None)) after connection broken by 'NewConnectionError('<urllib3.connection.HTTPConnection object at 0x104a32790>: Failed to establish a new connection: [Errno 61] Connection refused')': /session/12137db6adc499d518f4a38fb9c83afa/window
Retrying (Retry(total=0, connect=None, read=None, redirect=None, status=None)) after connection broken by 'NewConnectionError('<urllib3.connection.HTTPConnection object at 0x104a32640>: Failed to establish a new connection: [Errno 61] Connection refused')': /session/12137db6adc499d518f4a38fb9c83afa/window

ENODE_EASY
====== WebDriver manager ======
Driver [/Users/sunwookim/.wdm/drivers/chromedriver/mac_arm64/114.0.5735.90/chromedriver] found in cache
No Title
No Tags
No Problem
No Testcase
====== WebDriver manager ======
Driver [/Users/sunwookim/.wdm/drivers/chromedriver/mac_arm64/114.0.5735.90/chromedriver] found in cache
====== WebDriver manager ======
Driver [/Users/sunwookim/.wdm/drivers/chromedriver/mac_arm64/114.0.5735.90/chromedriver] found in cache
Retrying (Retry(total=2, connect=None, read=None, redirect=None, status=None)) after connection broken by 'NewConnectionError('<urllib3.connection.HTTPConnection object at 0x107ec0e80>: Failed to establish a new connection: [Errno 61] Connection refused')': /session/e31e8f9030314e1623306e635b292323
Retrying (Retry(total=1, connect=None, read=None, redirect=None, status=None)) after connection broken by 'NewConnectionError('<urllib3.connection.HTTPConnection object at 0x1200164c0>: Failed to establish a new connection: [Errno 61] Connection refused')': /session/e31e8f9030314e1623306e635b292323
Retrying (Retry(total=0, connect=None, read=None, redirect=None, status=None)) after connection broken by 'NewConnectionError('<urllib3.connection.HTTPConnection object at 0x1200164f0>: Failed to establish a new connection: [Errno 61] Connection refused')': /session/e31e8f9030314e1623306e635b292323
Retrying (Retry(total=2, connect=None, read=None, redirect=None, status=None)) after connection broken by 'NewConnectionError('<urllib3.connection.HTTPConnection object at 0x107ec0940>: Failed to establish a new connection: [Errno 61] Connection refused')': /session/50d28abd1078cf2653a65155c4edf672/window
Retrying (Retry(total=1, connect=None, read=None, redirect=None, status=None)) after connection broken by 'NewConnectionError('<urllib3.connection.HTTPConnection object at 0x120050430>: Failed to establish a new connection: [Errno 61] Connection refused')': /session/50d28abd1078cf2653a65155c4edf672/window
Retrying (Retry(total=0, connect=None, read=None, redirect=None, status=None)) after connection broken by 'NewConnectionError('<urllib3.connection.HTTPConnection object at 0x1200505e0>: Failed to establish a new connection: [Errno 61] Connection refused')': /session/50d28abd1078cf2653a65155c4edf672/window

ENODE_EASY
====== WebDriver manager ======
Driver [/Users/sunwookim/.wdm/drivers/chromedriver/mac_arm64/114.0.5735.90/chromedriver] found in cache

ENODE_EASY
====== WebDriver manager ======
Driver [/Users/sunwookim/.wdm/drivers/chromedriver/mac_arm64/114.0.5735.90/chromedriver] found in cache

ENODE_EASY
====== WebDriver manager ======
Driver [/Users/sunwookim/.wdm/drivers/chromedriver/mac_arm64/114.0.5735.90/chromedriver] found in cache

ENODE_EASY
====== WebDriver manager ======
Driver [/Users/sunwookim/.wdm/drivers/chromedriver/mac_arm64/114.0.5735.90/chromedriver] found in cache

ENODE_EASY
====== WebDriver manager ======
Driver [/Users/sunwookim/.wdm/drivers/chromedriver/mac_arm64/114.0.5735.90/chromedriver] found in cache

ENODE_EASY
====== WebDriver manager ======
Driver [/Users/sunwookim/.wdm/drivers/chromedriver/mac_arm64/114.0.5735.90/chromedriver] found in cache

ENODE_EASY
====== WebDriver manager ======
Driver [/Users/sunwookim/.wdm/drivers/chromedriver/mac_arm64/114.0.5735.90/chromedriver] found in cache

ENODE_EASY
====== WebDriver manager ======
Driver [/Users/sunwookim/.wdm/drivers/chromedriver/mac_arm64/114.0.5735.90/chromedriver] found in cache

ENODE_EASY
====== WebDriver manager ======
Driver [/Users/sunwookim/.wdm/drivers/chromedriver/mac_arm64/114.0.5735.90/chromedriver] found in cache

ENODE_EASY
====== WebDriver manager ======
Driver [/Users/sunwookim/.wdm/drivers/chromedriver/mac_arm64/114.0.5735.90/chromedriver] found in cache
No Problem
====== WebDriver manager ======
Driver [/Users/sunwookim/.wdm/drivers/chromedriver/mac_arm64/114.0.5735.90/chromedriver] found in cache
====== WebDriver manager ======
Driver [/Users/sunwookim/.wdm/drivers/chromedriver/mac_arm64/114.0.5735.90/chromedriver] found in cache

ENODE_EASY
====== WebDriver manager ======
Driver [/Users/sunwookim/.wdm/drivers/chromedriver/mac_arm64/114.0.5735.90/chromedriver] found in cache

ENODE_EASY
====== WebDriver manager ======
Driver [/Users/sunwookim/.wdm/drivers/chromedriver/mac_arm64/114.0.5735.90/chromedriver] found in cache

ENODE_EASY
====== WebDriver manager ======
Driver [/Users/sunwookim/.wdm/drivers/chromedriver/mac_arm64/114.0.5735.90/chromedriver] found in cache

ENODE_EASY
====== WebDriver manager ======
Driver [/Users/sunwookim/.wdm/drivers/chromedriver/mac_arm64/114.0.5735.90/chromedriver] found in cache

ENODE_EASY
====== WebDriver manager ======
Driver [/Users/sunwookim/.wdm/drivers/chromedriver/mac_arm64/114.0.5735.90/chromedriver] found in cache
No Tags
No Problem
====== WebDriver manager ======
Driver [/Users/sunwookim/.wdm/drivers/chromedriver/mac_arm64/114.0.5735.90/chromedriver] found in cache
====== WebDriver manager ======
Driver [/Users/sunwookim/.wdm/drivers/chromedriver/mac_arm64/114.0.5735.90/chromedriver] found in cache
Retrying (Retry(total=2, connect=None, read=None, redirect=None, status=None)) after connection broken by 'NewConnectionError('<urllib3.connection.HTTPConnection object at 0x108982eb0>: Failed to establish a new connection: [Errno 61] Connection refused')': /session/52618f7180b3c290c661013d6d3f2312
Retrying (Retry(total=1, connect=None, read=None, redirect=None, status=None)) after connection broken by 'NewConnectionError('<urllib3.connection.HTTPConnection object at 0x108faa4c0>: Failed to establish a new connection: [Errno 61] Connection refused')': /session/52618f7180b3c290c661013d6d3f2312
Retrying (Retry(total=0, connect=None, read=None, redirect=None, status=None)) after connection broken by 'NewConnectionError('<urllib3.connection.HTTPConnection object at 0x108faa4f0>: Failed to establish a new connection: [Errno 61] Connection refused')': /session/52618f7180b3c290c661013d6d3f2312
Retrying (Retry(total=2, connect=None, read=None, redirect=None, status=None)) after connection broken by 'NewConnectionError('<urllib3.connection.HTTPConnection object at 0x108982850>: Failed to establish a new connection: [Errno 61] Connection refused')': /session/1fba2c429f9ff7b5ce6848a0a9d005d7/window
Retrying (Retry(total=1, connect=None, read=None, redirect=None, status=None)) after connection broken by 'NewConnectionError('<urllib3.connection.HTTPConnection object at 0x10b816340>: Failed to establish a new connection: [Errno 61] Connection refused')': /session/1fba2c429f9ff7b5ce6848a0a9d005d7/window
Retrying (Retry(total=0, connect=None, read=None, redirect=None, status=None)) after connection broken by 'NewConnectionError('<urllib3.connection.HTTPConnection object at 0x10b8164f0>: Failed to establish a new connection: [Errno 61] Connection refused')': /session/1fba2c429f9ff7b5ce6848a0a9d005d7/window

ENODE_EASY
====== WebDriver manager ======
Driver [/Users/sunwookim/.wdm/drivers/chromedriver/mac_arm64/114.0.5735.90/chromedriver] found in cache

ENODE_EASY
====== WebDriver manager ======
Driver [/Users/sunwookim/.wdm/drivers/chromedriver/mac_arm64/114.0.5735.90/chromedriver] found in cache

ENODE_EASY
====== WebDriver manager ======
Driver [/Users/sunwookim/.wdm/drivers/chromedriver/mac_arm64/114.0.5735.90/chromedriver] found in cache

ENODE_EASY
====== WebDriver manager ======
Driver [/Users/sunwookim/.wdm/drivers/chromedriver/mac_arm64/114.0.5735.90/chromedriver] found in cache

ENODE_EASY
====== WebDriver manager ======
Driver [/Users/sunwookim/.wdm/drivers/chromedriver/mac_arm64/114.0.5735.90/chromedriver] found in cache

ENODE_EASY
====== WebDriver manager ======
Driver [/Users/sunwookim/.wdm/drivers/chromedriver/mac_arm64/114.0.5735.90/chromedriver] found in cache
No Tags
No Problem
====== WebDriver manager ======
Driver [/Users/sunwookim/.wdm/drivers/chromedriver/mac_arm64/114.0.5735.90/chromedriver] found in cache
====== WebDriver manager ======
Driver [/Users/sunwookim/.wdm/drivers/chromedriver/mac_arm64/114.0.5735.90/chromedriver] found in cache

ENODE_EASY
====== WebDriver manager ======
Driver [/Users/sunwookim/.wdm/drivers/chromedriver/mac_arm64/114.0.5735.90/chromedriver] found in cache

ENODE_EASY
====== WebDriver manager ======
Driver [/Users/sunwookim/.wdm/drivers/chromedriver/mac_arm64/114.0.5735.90/chromedriver] found in cache

ENODE_EASY
====== WebDriver manager ======
Driver [/Users/sunwookim/.wdm/drivers/chromedriver/mac_arm64/114.0.5735.90/chromedriver] found in cache
No Title
No Tags
No Problem
====== WebDriver manager ======
Driver [/Users/sunwookim/.wdm/drivers/chromedriver/mac_arm64/114.0.5735.90/chromedriver] found in cache
====== WebDriver manager ======
Driver [/Users/sunwookim/.wdm/drivers/chromedriver/mac_arm64/114.0.5735.90/chromedriver] found in cache

ENODE_EASY
====== WebDriver manager ======
Driver [/Users/sunwookim/.wdm/drivers/chromedriver/mac_arm64/114.0.5735.90/chromedriver] found in cache

ENODE_EASY
====== WebDriver manager ======
Driver [/Users/sunwookim/.wdm/drivers/chromedriver/mac_arm64/114.0.5735.90/chromedriver] found in cache

ENODE_EASY
====== WebDriver manager ======
Driver [/Users/sunwookim/.wdm/drivers/chromedriver/mac_arm64/114.0.5735.90/chromedriver] found in cache

ENODE_EASY
====== WebDriver manager ======
Driver [/Users/sunwookim/.wdm/drivers/chromedriver/mac_arm64/114.0.5735.90/chromedriver] found in cache

ENODE_EASY
====== WebDriver manager ======
Driver [/Users/sunwookim/.wdm/drivers/chromedriver/mac_arm64/114.0.5735.90/chromedriver] found in cache
No Title
No Tags
No Problem
====== WebDriver manager ======
Driver [/Users/sunwookim/.wdm/drivers/chromedriver/mac_arm64/114.0.5735.90/chromedriver] found in cache
====== WebDriver manager ======
Driver [/Users/sunwookim/.wdm/drivers/chromedriver/mac_arm64/114.0.5735.90/chromedriver] found in cache

ENODE_EASY
====== WebDriver manager ======
Driver [/Users/sunwookim/.wdm/drivers/chromedriver/mac_arm64/114.0.5735.90/chromedriver] found in cache
No Tags
No Problem
====== WebDriver manager ======
Driver [/Users/sunwookim/.wdm/drivers/chromedriver/mac_arm64/114.0.5735.90/chromedriver] found in cache
====== WebDriver manager ======
Driver [/Users/sunwookim/.wdm/drivers/chromedriver/mac_arm64/114.0.5735.90/chromedriver] found in cache

ENODE_HARD
====== WebDriver manager ======
Driver [/Users/sunwookim/.wdm/drivers/chromedriver/mac_arm64/114.0.5735.90/chromedriver] found in cache
Retrying (Retry(total=2, connect=None, read=None, redirect=None, status=None)) after connection broken by 'NewConnectionError('<urllib3.connection.HTTPConnection object at 0x104355070>: Failed to establish a new connection: [Errno 61] Connection refused')': /session/725cac4a7b4152c38cc8abd47dd69100/url
Retrying (Retry(total=1, connect=None, read=None, redirect=None, status=None)) after connection broken by 'NewConnectionError('<urllib3.connection.HTTPConnection object at 0x104355f40>: Failed to establish a new connection: [Errno 61] Connection refused')': /session/725cac4a7b4152c38cc8abd47dd69100/url
Retrying (Retry(total=0, connect=None, read=None, redirect=None, status=None)) after connection broken by 'NewConnectionError('<urllib3.connection.HTTPConnection object at 0x104355fd0>: Failed to establish a new connection: [Errno 61] Connection refused')': /session/725cac4a7b4152c38cc8abd47dd69100/url

ENODE_EASY
====== WebDriver manager ======
Driver [/Users/sunwookim/.wdm/drivers/chromedriver/mac_arm64/114.0.5735.90/chromedriver] found in cache
No Tags
No Problem
====== WebDriver manager ======
Driver [/Users/sunwookim/.wdm/drivers/chromedriver/mac_arm64/114.0.5735.90/chromedriver] found in cache
====== WebDriver manager ======
Driver [/Users/sunwookim/.wdm/drivers/chromedriver/mac_arm64/114.0.5735.90/chromedriver] found in cache

ENODE_EASY
====== WebDriver manager ======
Driver [/Users/sunwookim/.wdm/drivers/chromedriver/mac_arm64/114.0.5735.90/chromedriver] found in cache
No Tags
No Problem
====== WebDriver manager ======
Driver [/Users/sunwookim/.wdm/drivers/chromedriver/mac_arm64/114.0.5735.90/chromedriver] found in cache
====== WebDriver manager ======
Driver [/Users/sunwookim/.wdm/drivers/chromedriver/mac_arm64/114.0.5735.90/chromedriver] found in cache

ENODE_HARD
====== WebDriver manager ======
Driver [/Users/sunwookim/.wdm/drivers/chromedriver/mac_arm64/114.0.5735.90/chromedriver] found in cache
No Tags
No Problem
====== WebDriver manager ======
Driver [/Users/sunwookim/.wdm/drivers/chromedriver/mac_arm64/114.0.5735.90/chromedriver] found in cache
====== WebDriver manager ======
Driver [/Users/sunwookim/.wdm/drivers/chromedriver/mac_arm64/114.0.5735.90/chromedriver] found in cache

ENODE_HARD
====== WebDriver manager ======
Driver [/Users/sunwookim/.wdm/drivers/chromedriver/mac_arm64/114.0.5735.90/chromedriver] found in cache
No Tags
No Problem
====== WebDriver manager ======
Driver [/Users/sunwookim/.wdm/drivers/chromedriver/mac_arm64/114.0.5735.90/chromedriver] found in cache
====== WebDriver manager ======
Driver [/Users/sunwookim/.wdm/drivers/chromedriver/mac_arm64/114.0.5735.90/chromedriver] found in cache

PANSTACK
====== WebDriver manager ======
Driver [/Users/sunwookim/.wdm/drivers/chromedriver/mac_arm64/114.0.5735.90/chromedriver] found in cache
No Tags
No Problem
====== WebDriver manager ======
Driver [/Users/sunwookim/.wdm/drivers/chromedriver/mac_arm64/114.0.5735.90/chromedriver] found in cache
====== WebDriver manager ======
Driver [/Users/sunwookim/.wdm/drivers/chromedriver/mac_arm64/114.0.5735.90/chromedriver] found in cache

PANSTACK
====== WebDriver manager ======
Driver [/Users/sunwookim/.wdm/drivers/chromedriver/mac_arm64/114.0.5735.90/chromedriver] found in cache
Retrying (Retry(total=2, connect=None, read=None, redirect=None, status=None)) after connection broken by 'NewConnectionError('<urllib3.connection.HTTPConnection object at 0x10653c580>: Failed to establish a new connection: [Errno 61] Connection refused')': /session/a0b701c092bd2c400c05496cc28d69b5/url
Retrying (Retry(total=1, connect=None, read=None, redirect=None, status=None)) after connection broken by 'NewConnectionError('<urllib3.connection.HTTPConnection object at 0x1065097f0>: Failed to establish a new connection: [Errno 61] Connection refused')': /session/a0b701c092bd2c400c05496cc28d69b5/url
Retrying (Retry(total=0, connect=None, read=None, redirect=None, status=None)) after connection broken by 'NewConnectionError('<urllib3.connection.HTTPConnection object at 0x10731fa90>: Failed to establish a new connection: [Errno 61] Connection refused')': /session/a0b701c092bd2c400c05496cc28d69b5/url

ENODE_EASY
====== WebDriver manager ======
Driver [/Users/sunwookim/.wdm/drivers/chromedriver/mac_arm64/114.0.5735.90/chromedriver] found in cache
No Title
No Problem
====== WebDriver manager ======
Driver [/Users/sunwookim/.wdm/drivers/chromedriver/mac_arm64/114.0.5735.90/chromedriver] found in cache
====== WebDriver manager ======
Driver [/Users/sunwookim/.wdm/drivers/chromedriver/mac_arm64/114.0.5735.90/chromedriver] found in cache
Retrying (Retry(total=2, connect=None, read=None, redirect=None, status=None)) after connection broken by 'NewConnectionError('<urllib3.connection.HTTPConnection object at 0x10896c430>: Failed to establish a new connection: [Errno 61] Connection refused')': /session/4ad4c62add080b9c576fed19e716b3d4
Retrying (Retry(total=1, connect=None, read=None, redirect=None, status=None)) after connection broken by 'NewConnectionError('<urllib3.connection.HTTPConnection object at 0x108a5ca00>: Failed to establish a new connection: [Errno 61] Connection refused')': /session/4ad4c62add080b9c576fed19e716b3d4
Retrying (Retry(total=0, connect=None, read=None, redirect=None, status=None)) after connection broken by 'NewConnectionError('<urllib3.connection.HTTPConnection object at 0x108a5ca30>: Failed to establish a new connection: [Errno 61] Connection refused')': /session/4ad4c62add080b9c576fed19e716b3d4
Retrying (Retry(total=2, connect=None, read=None, redirect=None, status=None)) after connection broken by 'NewConnectionError('<urllib3.connection.HTTPConnection object at 0x108934f10>: Failed to establish a new connection: [Errno 61] Connection refused')': /session/bc3abd2144a62d67345e8b70d43d2669/window
Retrying (Retry(total=1, connect=None, read=None, redirect=None, status=None)) after connection broken by 'NewConnectionError('<urllib3.connection.HTTPConnection object at 0x108aa8880>: Failed to establish a new connection: [Errno 61] Connection refused')': /session/bc3abd2144a62d67345e8b70d43d2669/window
Retrying (Retry(total=0, connect=None, read=None, redirect=None, status=None)) after connection broken by 'NewConnectionError('<urllib3.connection.HTTPConnection object at 0x108aa8a30>: Failed to establish a new connection: [Errno 61] Connection refused')': /session/bc3abd2144a62d67345e8b70d43d2669/window

ENODE_EASY
====== WebDriver manager ======
Driver [/Users/sunwookim/.wdm/drivers/chromedriver/mac_arm64/114.0.5735.90/chromedriver] found in cache
No Problem
====== WebDriver manager ======
Driver [/Users/sunwookim/.wdm/drivers/chromedriver/mac_arm64/114.0.5735.90/chromedriver] found in cache
====== WebDriver manager ======
Driver [/Users/sunwookim/.wdm/drivers/chromedriver/mac_arm64/114.0.5735.90/chromedriver] found in cache
Retrying (Retry(total=2, connect=None, read=None, redirect=None, status=None)) after connection broken by 'NewConnectionError('<urllib3.connection.HTTPConnection object at 0x1080804c0>: Failed to establish a new connection: [Errno 61] Connection refused')': /session/91b242c492c148a9623f1a4c7a882d7c
Retrying (Retry(total=1, connect=None, read=None, redirect=None, status=None)) after connection broken by 'NewConnectionError('<urllib3.connection.HTTPConnection object at 0x108170a90>: Failed to establish a new connection: [Errno 61] Connection refused')': /session/91b242c492c148a9623f1a4c7a882d7c
Retrying (Retry(total=0, connect=None, read=None, redirect=None, status=None)) after connection broken by 'NewConnectionError('<urllib3.connection.HTTPConnection object at 0x108170ac0>: Failed to establish a new connection: [Errno 61] Connection refused')': /session/91b242c492c148a9623f1a4c7a882d7c
Retrying (Retry(total=2, connect=None, read=None, redirect=None, status=None)) after connection broken by 'NewConnectionError('<urllib3.connection.HTTPConnection object at 0x108047f40>: Failed to establish a new connection: [Errno 61] Connection refused')': /session/eeaba004ed248a0c3b3c3e9296835f25/window
Retrying (Retry(total=1, connect=None, read=None, redirect=None, status=None)) after connection broken by 'NewConnectionError('<urllib3.connection.HTTPConnection object at 0x1081bf910>: Failed to establish a new connection: [Errno 61] Connection refused')': /session/eeaba004ed248a0c3b3c3e9296835f25/window
Retrying (Retry(total=0, connect=None, read=None, redirect=None, status=None)) after connection broken by 'NewConnectionError('<urllib3.connection.HTTPConnection object at 0x1081bfac0>: Failed to establish a new connection: [Errno 61] Connection refused')': /session/eeaba004ed248a0c3b3c3e9296835f25/window
